<testsuite name="CalculatorTest" tests="1" failures="0"></testsuite>