<testsuite name="StringUtilsTest" tests="1" failures="0"></testsuite>